<?xml version="1.0" encoding="UTF-8"?>
<testsuite xmlns:xsi="http://www.w3.org/2001/XMLSchema-instance" xsi:noNamespaceSchemaLocation="https://maven.apache.org/surefire/maven-surefire-plugin/xsd/surefire-test-report.xsd" name="tests.RunSearchTest" time="1.66" tests="13" errors="0" skipped="0" failures="0">
  <properties>
[...]
</properties>
  <testcase name="Search only by Title" classname="Search" time="0.724"/>
  <testcase name="Search only by Title and set response type xml" classname="Search" time="0.205"/>
  <testcase name="Search only by Title with error" classname="Search" time="0.061"/>
  <testcase name="Search only by Title and year" classname="Search" time="0.036"/>
  <testcase name="Search only by Title and year with error" classname="Search" time="0.03"/>
  <testcase name="Search only by Title and set response type xml with error" classname="Search" time="0.032"/>
  <testcase name="Search only by Title and plot" classname="Search" time="0.04"/>
  <testcase name="Search only by Title, plot and year" classname="Search" time="0.027"/>
  <testcase name="Search only by Title and plot type and year and response format json" classname="Search" time="0.046"/>
  <testcase name="Search only by Title with error and plot type and year and response format json" classname="Search" time="0.022"/>
  <testcase name="Search only by Title and plot type and response format xml" classname="Search" time="0.027"/>
  <testcase name="Search only by Title with error and plot type and response format xml" classname="Search" time="0.032"/>
  <testcase name="Search only by Title and year type and response format json" classname="Search" time="0.033"/>
</testsuite>